<?xml version="1.0" encoding="UTF-8"?>
<!-- Generated by org.testng.reporters.JUnitXMLReporter -->
<testsuite ignored="0" hostname="DESKTOP-CK3EC17" failures="0" tests="4" name="Personal Loan" time="0.061" errors="0" timestamp="2023-07-28T01:48:17 IST">
  <testcase classname="automation.selenium.TestNGDemo1" name="class1" time="0.006"/>
  <testcase classname="automation.selenium.TestNGDemo1" name="class2" time="0.0"/>
  <testcase classname="automation.selenium.TestNGDemo2" name="class1" time="0.001"/>
  <testcase classname="automation.selenium.TestNGDemo2" name="class2" time="0.002"/>
</testsuite> <!-- Personal Loan -->
