<?xml version="1.0" encoding="UTF-8"?>
<testng-results ignored="0" total="4" passed="4" failed="0" skipped="0">
  <reporter-output>
  </reporter-output>
  <suite started-at="2023-07-28T01:48:17 IST" name="Suite" finished-at="2023-07-28T01:48:17 IST" duration-ms="61">
    <groups>
    </groups>
    <test started-at="2023-07-28T01:48:17 IST" name="Personal Loan" finished-at="2023-07-28T01:48:17 IST" duration-ms="61">
      <class name="automation.selenium.TestNGDemo2">
        <test-method signature="class1()[pri:0, instance:automation.selenium.TestNGDemo2@4f83df68]" started-at="2023-07-28T01:48:17 IST" name="class1" finished-at="2023-07-28T01:48:17 IST" duration-ms="1" status="PASS">
          <reporter-output>
          </reporter-output>
        </test-method> <!-- class1 -->
        <test-method signature="class2()[pri:0, instance:automation.selenium.TestNGDemo2@4f83df68]" started-at="2023-07-28T01:48:17 IST" name="class2" finished-at="2023-07-28T01:48:17 IST" duration-ms="2" status="PASS">
          <reporter-output>
          </reporter-output>
        </test-method> <!-- class2 -->
      </class> <!-- automation.selenium.TestNGDemo2 -->
      <class name="automation.selenium.TestNGDemo1">
        <test-method signature="class1()[pri:0, instance:automation.selenium.TestNGDemo1@59662a0b]" started-at="2023-07-28T01:48:17 IST" name="class1" finished-at="2023-07-28T01:48:17 IST" duration-ms="6" status="PASS">
          <reporter-output>
          </reporter-output>
        </test-method> <!-- class1 -->
        <test-method signature="class2()[pri:0, instance:automation.selenium.TestNGDemo1@59662a0b]" started-at="2023-07-28T01:48:17 IST" name="class2" finished-at="2023-07-28T01:48:17 IST" duration-ms="0" status="PASS">
          <reporter-output>
          </reporter-output>
        </test-method> <!-- class2 -->
      </class> <!-- automation.selenium.TestNGDemo1 -->
    </test> <!-- Personal Loan -->
  </suite> <!-- Suite -->
</testng-results>
